#
# A fatal error has been detected by the Java Runtime Environment:
#
#  SIGSEGV (0xb) at pc=0x00007ff10313aba4, pid=4451, tid=140672619161344
#
# JRE version: OpenJDK Runtime Environment (7.0_95) (build 1.7.0_95-b00)
# Java VM: OpenJDK 64-Bit Server VM (24.95-b01 mixed mode linux-amd64 compressed oops)
# Derivative: IcedTea 2.6.4
# Distribution: Ubuntu 14.04.3 LTS, package 7u95-2.6.4-0ubuntu0.14.04.1
# Problematic frame:
# V  [libjvm.so+0x54bba4]
#
# Failed to write core dump. Core dumps have been disabled. To enable core dumping, try "ulimit -c unlimited" before starting Java again
#
# If you would like to submit a bug report, please include
# instructions on how to reproduce the bug and visit:
#   http://icedtea.classpath.org/bugzilla
#

---------------  T H R E A D  ---------------

Current thread (0x00007ff0fc078000):  VMThread [stack: 0x00007ff0e56ea000,0x00007ff0e57eb000] [id=4464]

siginfo:si_signo=SIGSEGV: si_errno=0, si_code=1 (SEGV_MAPERR), si_addr=0x0000000000000000

Registers:
RAX=0x0000000000000000, RBX=0x00007ff1039e4400, RCX=0x0000000000000018, RDX=0x000000000007d876
RSP=0x00007ff0e57e96c0, RBP=0x00007ff0e57e96e0, RSI=0x00007ff0e57e9970, RDI=0x00007ff1039e4400
R8 =0x0000000000165b3c, R9 =0x0000000000000009, R10=0x0000000000000001, R11=0x0000000000000000
R12=0x00007ff1039f8ae0, R13=0x00007ff0fc01f290, R14=0x000000000000000b, R15=0x000000000000000a
RIP=0x00007ff10313aba4, EFLAGS=0x0000000000010206, CSGSFS=0x0000000000000033, ERR=0x0000000000000006
  TRAPNO=0x000000000000000e

Top of Stack: (sp=0x00007ff0e57e96c0)
0x00007ff0e57e96c0:   0000000056cbfaeb 00007ff0fc01aaf0
0x00007ff0e57e96d0:   00007ff1039f8ae0 00007ff0fc01f290
0x00007ff0e57e96e0:   00007ff0e57e9a70 00007ff1034297bc
0x00007ff0e57e96f0:   00007ff0e57e9780 00007ff10315165f
0x00007ff0e57e9700:   00007ff0f9178b80 00007ff0fc077400
0x00007ff0e57e9710:   00007ff0fc02a450 00007ff100000024
0x00007ff0e57e9720:   00007ff0fc020000 0000000000000000
0x00007ff0e57e9730:   00007ff0fc0786f0 0000002500000024
0x00007ff0e57e9740:   000000b000000025 000000b0fc070000
0x00007ff0e57e9750:   0000000000000000 00007ff0e57e9850
0x00007ff0e57e9760:   00007ff0fc02a2f0 00007ff0fc077430
0x00007ff0e57e9770:   00007ff0fc02a6d8 00007ff0fc078000
0x00007ff0e57e9780:   00007ff0e57e97e0 00007ff1033b40c8
0x00007ff0e57e9790:   0000000000000000 00007ff0e57e9810
0x00007ff0e57e97a0:   00000000000003d8 00007ff0fc02a3a0
0x00007ff0e57e97b0:   0000000000000d9b 00007ff0f4009c88
0x00007ff0e57e97c0:   0000000000000000 00007ff0fc0786f0
0x00007ff0e57e97d0:   0000000000000000 00007ff0fc0786f0
0x00007ff0e57e97e0:   00007ff0e57e9970 00007ff1033b4dcd
0x00007ff0e57e97f0:   0000000000000000 00007ff0e57e9850
0x00007ff0e57e9800:   00007ff0fc078000 00007ff0fc078000
0x00007ff0e57e9810:   00007ff0fc078000 00007ff0fc0786a0
0x00007ff0e57e9820:   00007ff0fc0786e0 00007ff0fc0786f8
0x00007ff0e57e9830:   00007ff0fc078ac8 00000000000003d8
0x00007ff0e57e9840:   00007ff0e57e9ce0 0000000000000030
0x00007ff0e57e9850:   00007ff103981690 00007ff0fc0786f0
0x00007ff0e57e9860:   0000000000000000 0000000e0000000d
0x00007ff0e57e9870:   0000000000000000 0000007700000000
0x00007ff0e57e9880:   0000000000000000 0000001be5010000
0x00007ff0e57e9890:   00007ff0fc02a480 00007ff0fc02a4f0
0x00007ff0e57e98a0:   0000000000000000 00007ff0fc02a450
0x00007ff0e57e98b0:   0000000100000000 0000000000000000 

Instructions: (pc=0x00007ff10313aba4)
0x00007ff10313ab84:   68 01 00 00 41 8b 34 24 eb 9f 66 90 55 48 89 e5
0x00007ff10313ab94:   41 55 41 54 53 48 89 fb 48 83 ec 08 48 8b 47 18
0x00007ff10313aba4:   c7 00 00 00 00 00 c7 47 34 00 00 00 00 48 c7 47
0x00007ff10313abb4:   38 00 00 00 00 48 c7 47 40 00 00 00 00 4c 8b 67 

Register to memory mapping:

RAX=0x0000000000000000 is an unknown value
RBX=0x00007ff1039e4400: <offset 0xdf5400> in /usr/lib/jvm/java-7-openjdk-amd64/jre/lib/amd64/server/libjvm.so at 0x00007ff102bef000
RCX=0x0000000000000018 is an unknown value
RDX=0x000000000007d876 is an unknown value
RSP=0x00007ff0e57e96c0 is an unknown value
RBP=0x00007ff0e57e96e0 is an unknown value
RSI=0x00007ff0e57e9970 is an unknown value
RDI=0x00007ff1039e4400: <offset 0xdf5400> in /usr/lib/jvm/java-7-openjdk-amd64/jre/lib/amd64/server/libjvm.so at 0x00007ff102bef000
R8 =0x0000000000165b3c is an unknown value
R9 =0x0000000000000009 is an unknown value
R10=0x0000000000000001 is an unknown value
R11=0x0000000000000000 is an unknown value
R12=0x00007ff1039f8ae0: <offset 0xe09ae0> in /usr/lib/jvm/java-7-openjdk-amd64/jre/lib/amd64/server/libjvm.so at 0x00007ff102bef000
R13=0x00007ff0fc01f290 is an unknown value
R14=0x000000000000000b is an unknown value
R15=0x000000000000000a is an unknown value


Stack: [0x00007ff0e56ea000,0x00007ff0e57eb000],  sp=0x00007ff0e57e96c0,  free space=1021k
Native frames: (J=compiled Java code, j=interpreted, Vv=VM code, C=native code)
V  [libjvm.so+0x54bba4]
V  [libjvm.so+0x83a7bc]
V  [libjvm.so+0x83bd48]
V  [libjvm.so+0x7f1fd3]
V  [libjvm.so+0x956ae4]
V  [libjvm.so+0x95abe7]
V  [libjvm.so+0x9596a8]
V  [libjvm.so+0x959b09]
V  [libjvm.so+0x959f52]
V  [libjvm.so+0x7cc682]

VM_Operation (0x00007ff0b5a24c00): ParallelGCFailedAllocation, mode: safepoint, requested by thread 0x00007ff0cc001800


---------------  P R O C E S S  ---------------

Java Threads: ( => current thread )
  0x00007ff0cc003800 JavaThread "Thread-1" [_thread_blocked, id=5586, stack(0x00007ff0b5725000,0x00007ff0b5826000)]
  0x00007ff0cc002800 JavaThread "Thread-0" [_thread_blocked, id=5585, stack(0x00007ff0b5826000,0x00007ff0b5927000)]
  0x00007ff0cc001800 JavaThread "XToolkt-Shutdown-Thread" [_thread_blocked, id=5584, stack(0x00007ff0b5927000,0x00007ff0b5a28000)]
  0x00007ff0d0001000 JavaThread "SIGTERM handler" daemon [_thread_blocked, id=5583, stack(0x00007ff0e4edf000,0x00007ff0e4fe0000)]
  0x00007ff0fc6c5000 JavaThread "AWT-XAWT" daemon [_thread_in_native, id=5294, stack(0x00007ff09ce84000,0x00007ff09cf85000)]
  0x00007ff0fc69b000 JavaThread "Java2D Disposer" daemon [_thread_blocked, id=5293, stack(0x00007ff0b40f0000,0x00007ff0b41f1000)]
  0x00007ff0a8007800 JavaThread "process reaper" daemon [_thread_blocked, id=4484, stack(0x00007ff0e4088000,0x00007ff0e40c1000)]
  0x00007ff0fc1f6800 JavaThread "ReaderThread" [_thread_in_native, id=4480, stack(0x00007ff0b716f000,0x00007ff0b7270000)]
  0x00007ff0fc0c0800 JavaThread "Service Thread" daemon [_thread_blocked, id=4477, stack(0x00007ff0e4bdc000,0x00007ff0e4cdd000)]
  0x00007ff0fc0be000 JavaThread "C2 CompilerThread1" daemon [_thread_blocked, id=4476, stack(0x00007ff0e4cdd000,0x00007ff0e4dde000)]
  0x00007ff0fc0bb000 JavaThread "C2 CompilerThread0" daemon [_thread_blocked, id=4475, stack(0x00007ff0e4dde000,0x00007ff0e4edf000)]
  0x00007ff0fc0b8800 JavaThread "JDWP Event Helper Thread" daemon [_thread_blocked, id=4470, stack(0x00007ff0e4fe0000,0x00007ff0e50e1000)]
  0x00007ff0fc0b5000 JavaThread "JDWP Transport Listener: dt_socket" daemon [_thread_in_native, id=4469, stack(0x00007ff0e50e1000,0x00007ff0e51e2000)]
  0x00007ff0fc0a8000 JavaThread "Signal Dispatcher" daemon [_thread_blocked, id=4467, stack(0x00007ff0e53e7000,0x00007ff0e54e8000)]
  0x00007ff0fc07e800 JavaThread "Finalizer" daemon [_thread_blocked, id=4466, stack(0x00007ff0e54e8000,0x00007ff0e55e9000)]
  0x00007ff0fc07c800 JavaThread "Reference Handler" daemon [_thread_blocked, id=4465, stack(0x00007ff0e55e9000,0x00007ff0e56ea000)]
  0x00007ff0fc00c800 JavaThread "main" [_thread_blocked, id=4452, stack(0x00007ff10470d000,0x00007ff10480e000)]

Other Threads:
=>0x00007ff0fc078000 VMThread [stack: 0x00007ff0e56ea000,0x00007ff0e57eb000] [id=4464]
  0x00007ff0fc0cb000 WatcherThread [stack: 0x00007ff0e4adb000,0x00007ff0e4bdc000] [id=4478]

VM state:at safepoint (normal execution)

VM Mutex/Monitor currently owned by a thread:  ([mutex/lock_event])
[0x00007ff0fc008d80] Threads_lock - owner thread: 0x00007ff0fc078000
[0x00007ff0fc009280] Heap_lock - owner thread: 0x00007ff0cc001800

Heap
 PSYoungGen      total 130560K, used 125808K [0x00000000ec100000, 0x00000000f4800000, 0x0000000100000000)
  eden space 122880K, 100% used [0x00000000ec100000,0x00000000f3900000,0x00000000f3900000)
  from space 7680K, 38% used [0x00000000f4080000,0x00000000f435c020,0x00000000f4800000)
  to   space 7680K, 0% used [0x00000000f3900000,0x00000000f3900000,0x00000000f4080000)
 ParOldGen       total 40448K, used 9051K [0x00000000c4400000, 0x00000000c6b80000, 0x00000000ec100000)
  object space 40448K, 22% used [0x00000000c4400000,0x00000000c4cd6dc0,0x00000000c6b80000)
 PSPermGen       total 24576K, used 24281K [0x00000000b9e00000, 0x00000000bb600000, 0x00000000c4400000)
  object space 24576K, 98% used [0x00000000b9e00000,0x00000000bb5b67f0,0x00000000bb600000)

Card table byte_map: [0x00007ff1005ef000,0x00007ff100821000] byte_map_base: 0x00007ff100020000

Polling page: 0x00007ff10482c000

Code Cache  [0x00007ff0f9000000, 0x00007ff0f9270000, 0x00007ff0fc000000)
 total_blobs=1027 nmethods=570 adapters=418 free_code_cache=47536Kb largest_free_block=48643648

Compilation events (10 events):
Event: 528.272 Thread 0x00007ff0fc0bb000  608             org.apache.poi.hssf.record.WriteAccessRecord::<init> (184 bytes)
Event: 528.280 Thread 0x00007ff0fc0bb000 nmethod 608 0x00007ff0f9180550 code [0x00007ff0f9180740, 0x00007ff0f9180ff0]
Event: 533.047 Thread 0x00007ff0fc0be000  609             org.apache.poi.hpsf.ClassID::read (131 bytes)
Event: 533.050 Thread 0x00007ff0fc0be000 nmethod 609 0x00007ff0f9188250 code [0x00007ff0f91883a0, 0x00007ff0f9188678]
Event: 665.208 Thread 0x00007ff0fc0bb000  610             java.lang.AbstractStringBuilder::append (144 bytes)
Event: 665.214 Thread 0x00007ff0fc0bb000 nmethod 610 0x00007ff0f9198010 code [0x00007ff0f9198180, 0x00007ff0f9198718]
Event: 686.462 Thread 0x00007ff0fc0be000  611   !         java.util.Formatter::format (271 bytes)
Event: 686.477 Thread 0x00007ff0fc0be000 nmethod 611 0x00007ff0f9198b10 code [0x00007ff0f91991a0, 0x00007ff0f919a878]
Event: 753.170 Thread 0x00007ff0fc0bb000  612             java.util.Arrays::fill (21 bytes)
Event: 753.172 Thread 0x00007ff0fc0bb000 nmethod 612 0x00007ff0f9194e50 code [0x00007ff0f9194fa0, 0x00007ff0f9195118]

GC Heap History (10 events):
Event: 1.350 GC heap before
{Heap before GC invocations=2 (full 0):
 PSYoungGen      total 17920K, used 17899K [0x00000000ec100000, 0x00000000ee400000, 0x0000000100000000)
  eden space 15360K, 100% used [0x00000000ec100000,0x00000000ed000000,0x00000000ed000000)
  from space 2560K, 99% used [0x00000000ed000000,0x00000000ed27ada0,0x00000000ed280000)
  to   space 2560K, 0% used [0x00000000ee180000,0x00000000ee180000,0x00000000ee400000)
 ParOldGen       total 40448K, used 864K [0x00000000c4400000, 0x00000000c6b80000, 0x00000000ec100000)
  object space 40448K, 2% used [0x00000000c4400000,0x00000000c44d8088,0x00000000c6b80000)
 PSPermGen       total 21504K, used 11637K [0x00000000b9e00000, 0x00000000bb300000, 0x00000000c4400000)
  object space 21504K, 54% used [0x00000000b9e00000,0x00000000ba95d518,0x00000000bb300000)
Event: 1.356 GC heap after
Heap after GC invocations=2 (full 0):
 PSYoungGen      total 33280K, used 2558K [0x00000000ec100000, 0x00000000ee400000, 0x0000000100000000)
  eden space 30720K, 0% used [0x00000000ec100000,0x00000000ec100000,0x00000000edf00000)
  from space 2560K, 99% used [0x00000000ee180000,0x00000000ee3ff8c0,0x00000000ee400000)
  to   space 2560K, 0% used [0x00000000edf00000,0x00000000edf00000,0x00000000ee180000)
 ParOldGen       total 40448K, used 1256K [0x00000000c4400000, 0x00000000c6b80000, 0x00000000ec100000)
  object space 40448K, 3% used [0x00000000c4400000,0x00000000c453a140,0x00000000c6b80000)
 PSPermGen       total 21504K, used 11637K [0x00000000b9e00000, 0x00000000bb300000, 0x00000000c4400000)
  object space 21504K, 54% used [0x00000000b9e00000,0x00000000ba95d518,0x00000000bb300000)
}
Event: 1.831 GC heap before
{Heap before GC invocations=3 (full 0):
 PSYoungGen      total 33280K, used 33278K [0x00000000ec100000, 0x00000000ee400000, 0x0000000100000000)
  eden space 30720K, 100% used [0x00000000ec100000,0x00000000edf00000,0x00000000edf00000)
  from space 2560K, 99% used [0x00000000ee180000,0x00000000ee3ff8c0,0x00000000ee400000)
  to   space 2560K, 0% used [0x00000000edf00000,0x00000000edf00000,0x00000000ee180000)
 ParOldGen       total 40448K, used 1256K [0x00000000c4400000, 0x00000000c6b80000, 0x00000000ec100000)
  object space 40448K, 3% used [0x00000000c4400000,0x00000000c453a140,0x00000000c6b80000)
 PSPermGen       total 21504K, used 17736K [0x00000000b9e00000, 0x00000000bb300000, 0x00000000c4400000)
  object space 21504K, 82% used [0x00000000b9e00000,0x00000000baf520a0,0x00000000bb300000)
Event: 1.840 GC heap after
Heap after GC invocations=3 (full 0):
 PSYoungGen      total 33280K, used 2528K [0x00000000ec100000, 0x00000000f0200000, 0x0000000100000000)
  eden space 30720K, 0% used [0x00000000ec100000,0x00000000ec100000,0x00000000edf00000)
  from space 2560K, 98% used [0x00000000edf00000,0x00000000ee178050,0x00000000ee180000)
  to   space 2560K, 0% used [0x00000000eff80000,0x00000000eff80000,0x00000000f0200000)
 ParOldGen       total 40448K, used 6637K [0x00000000c4400000, 0x00000000c6b80000, 0x00000000ec100000)
  object space 40448K, 16% used [0x00000000c4400000,0x00000000c4a7b578,0x00000000c6b80000)
 PSPermGen       total 21504K, used 17736K [0x00000000b9e00000, 0x00000000bb300000, 0x00000000c4400000)
  object space 21504K, 82% used [0x00000000b9e00000,0x00000000baf520a0,0x00000000bb300000)
}
Event: 7.466 GC heap before
{Heap before GC invocations=4 (full 0):
 PSYoungGen      total 33280K, used 33248K [0x00000000ec100000, 0x00000000f0200000, 0x0000000100000000)
  eden space 30720K, 100% used [0x00000000ec100000,0x00000000edf00000,0x00000000edf00000)
  from space 2560K, 98% used [0x00000000edf00000,0x00000000ee178050,0x00000000ee180000)
  to   space 2560K, 0% used [0x00000000eff80000,0x00000000eff80000,0x00000000f0200000)
 ParOldGen       total 40448K, used 6637K [0x00000000c4400000, 0x00000000c6b80000, 0x00000000ec100000)
  object space 40448K, 16% used [0x00000000c4400000,0x00000000c4a7b578,0x00000000c6b80000)
 PSPermGen       total 21504K, used 20631K [0x00000000b9e00000, 0x00000000bb300000, 0x00000000c4400000)
  object space 21504K, 95% used [0x00000000b9e00000,0x00000000bb225fa8,0x00000000bb300000)
Event: 7.477 GC heap after
Heap after GC invocations=4 (full 0):
 PSYoungGen      total 64000K, used 2528K [0x00000000ec100000, 0x00000000f0200000, 0x0000000100000000)
  eden space 61440K, 0% used [0x00000000ec100000,0x00000000ec100000,0x00000000efd00000)
  from space 2560K, 98% used [0x00000000eff80000,0x00000000f01f8020,0x00000000f0200000)
  to   space 2560K, 0% used [0x00000000efd00000,0x00000000efd00000,0x00000000eff80000)
 ParOldGen       total 40448K, used 8727K [0x00000000c4400000, 0x00000000c6b80000, 0x00000000ec100000)
  object space 40448K, 21% used [0x00000000c4400000,0x00000000c4c85da0,0x00000000c6b80000)
 PSPermGen       total 21504K, used 20631K [0x00000000b9e00000, 0x00000000bb300000, 0x00000000c4400000)
  object space 21504K, 95% used [0x00000000b9e00000,0x00000000bb225fa8,0x00000000bb300000)
}
Event: 7.707 GC heap before
{Heap before GC invocations=5 (full 0):
 PSYoungGen      total 64000K, used 63968K [0x00000000ec100000, 0x00000000f0200000, 0x0000000100000000)
  eden space 61440K, 100% used [0x00000000ec100000,0x00000000efd00000,0x00000000efd00000)
  from space 2560K, 98% used [0x00000000eff80000,0x00000000f01f8020,0x00000000f0200000)
  to   space 2560K, 0% used [0x00000000efd00000,0x00000000efd00000,0x00000000eff80000)
 ParOldGen       total 40448K, used 8727K [0x00000000c4400000, 0x00000000c6b80000, 0x00000000ec100000)
  object space 40448K, 21% used [0x00000000c4400000,0x00000000c4c85da0,0x00000000c6b80000)
 PSPermGen       total 21504K, used 20671K [0x00000000b9e00000, 0x00000000bb300000, 0x00000000c4400000)
  object space 21504K, 96% used [0x00000000b9e00000,0x00000000bb22fd20,0x00000000bb300000)
Event: 7.712 GC heap after
Heap after GC invocations=5 (full 0):
 PSYoungGen      total 64000K, used 2544K [0x00000000ec100000, 0x00000000f4800000, 0x0000000100000000)
  eden space 61440K, 0% used [0x00000000ec100000,0x00000000ec100000,0x00000000efd00000)
  from space 2560K, 99% used [0x00000000efd00000,0x00000000eff7c020,0x00000000eff80000)
  to   space 7680K, 0% used [0x00000000f4080000,0x00000000f4080000,0x00000000f4800000)
 ParOldGen       total 40448K, used 9043K [0x00000000c4400000, 0x00000000c6b80000, 0x00000000ec100000)
  object space 40448K, 22% used [0x00000000c4400000,0x00000000c4cd4dc0,0x00000000c6b80000)
 PSPermGen       total 21504K, used 20671K [0x00000000b9e00000, 0x00000000bb300000, 0x00000000c4400000)
  object space 21504K, 96% used [0x00000000b9e00000,0x00000000bb22fd20,0x00000000bb300000)
}
Event: 183.389 GC heap before
{Heap before GC invocations=6 (full 0):
 PSYoungGen      total 64000K, used 63984K [0x00000000ec100000, 0x00000000f4800000, 0x0000000100000000)
  eden space 61440K, 100% used [0x00000000ec100000,0x00000000efd00000,0x00000000efd00000)
  from space 2560K, 99% used [0x00000000efd00000,0x00000000eff7c020,0x00000000eff80000)
  to   space 7680K, 0% used [0x00000000f4080000,0x00000000f4080000,0x00000000f4800000)
 ParOldGen       total 40448K, used 9043K [0x00000000c4400000, 0x00000000c6b80000, 0x00000000ec100000)
  object space 40448K, 22% used [0x00000000c4400000,0x00000000c4cd4dc0,0x00000000c6b80000)
 PSPermGen       total 21504K, used 21116K [0x00000000b9e00000, 0x00000000bb300000, 0x00000000c4400000)
  object space 21504K, 98% used [0x00000000b9e00000,0x00000000bb29f2a0,0x00000000bb300000)
Event: 183.396 GC heap after
Heap after GC invocations=6 (full 0):
 PSYoungGen      total 130560K, used 2928K [0x00000000ec100000, 0x00000000f4800000, 0x0000000100000000)
  eden space 122880K, 0% used [0x00000000ec100000,0x00000000ec100000,0x00000000f3900000)
  from space 7680K, 38% used [0x00000000f4080000,0x00000000f435c020,0x00000000f4800000)
  to   space 7680K, 0% used [0x00000000f3900000,0x00000000f3900000,0x00000000f4080000)
 ParOldGen       total 40448K, used 9051K [0x00000000c4400000, 0x00000000c6b80000, 0x00000000ec100000)
  object space 40448K, 22% used [0x00000000c4400000,0x00000000c4cd6dc0,0x00000000c6b80000)
 PSPermGen       total 21504K, used 21116K [0x00000000b9e00000, 0x00000000bb300000, 0x00000000c4400000)
  object space 21504K, 98% used [0x00000000b9e00000,0x00000000bb29f2a0,0x00000000bb300000)
}

Deoptimization events (10 events):
Event: 7.326 Thread 0x00007ff0fc00c800 Uncommon trap: reason=bimorphic action=maybe_recompile pc=0x00007ff0f90dde30 method=java.util.HashMap.put(Ljava/lang/Object;Ljava/lang/Object;)Ljava/lang/Object; @ 83
Event: 7.326 Thread 0x00007ff0fc00c800 Uncommon trap: reason=bimorphic action=maybe_recompile pc=0x00007ff0f90dde30 method=java.util.HashMap.put(Ljava/lang/Object;Ljava/lang/Object;)Ljava/lang/Object; @ 83
Event: 7.330 Thread 0x00007ff0fc00c800 Uncommon trap: reason=unstable_if action=reinterpret pc=0x00007ff0f90a73d4 method=org.apache.poi.hssf.record.RecordFactoryInputStream.readNextRecord()Lorg/apache/poi/hssf/record/Record; @ 68
Event: 7.330 Thread 0x00007ff0fc00c800 Uncommon trap: reason=unstable_if action=reinterpret pc=0x00007ff0f909d8d4 method=org.apache.poi.hssf.record.RecordFactoryInputStream.nextRecord()Lorg/apache/poi/hssf/record/Record; @ 58
Event: 7.345 Thread 0x00007ff0fc00c800 Uncommon trap: reason=unstable_if action=reinterpret pc=0x00007ff0f90a5ef4 method=org.apache.poi.hssf.record.aggregates.ValueRecordsAggregate.insertCell(Lorg/apache/poi/hssf/record/CellValueRecordInterface;)V @ 20
Event: 7.354 Thread 0x00007ff0fc00c800 Uncommon trap: reason=bimorphic action=maybe_recompile pc=0x00007ff0f90b2608 method=org.apache.poi.hssf.usermodel.HSSFSheet.setPropertiesFromSheet(Lorg/apache/poi/hssf/model/InternalSheet;)V @ 129
Event: 7.381 Thread 0x00007ff0fc00c800 Uncommon trap: reason=bimorphic action=maybe_recompile pc=0x00007ff0f90b2608 method=org.apache.poi.hssf.usermodel.HSSFSheet.setPropertiesFromSheet(Lorg/apache/poi/hssf/model/InternalSheet;)V @ 129
Event: 7.401 Thread 0x00007ff0fc00c800 Uncommon trap: reason=bimorphic action=maybe_recompile pc=0x00007ff0f90b2608 method=org.apache.poi.hssf.usermodel.HSSFSheet.setPropertiesFromSheet(Lorg/apache/poi/hssf/model/InternalSheet;)V @ 129
Event: 7.417 Thread 0x00007ff0fc00c800 Uncommon trap: reason=bimorphic action=maybe_recompile pc=0x00007ff0f90b2608 method=org.apache.poi.hssf.usermodel.HSSFSheet.setPropertiesFromSheet(Lorg/apache/poi/hssf/model/InternalSheet;)V @ 129
Event: 40.227 Thread 0x00007ff0fc00c800 Uncommon trap: reason=unstable_if action=reinterpret pc=0x00007ff0f90d6a4c method=sun.nio.cs.UTF_8$Decoder.decode([BII[C)I @ 30

Internal exceptions (10 events):
Event: 710.807 Thread 0x00007ff0fc00c800 Threw 0x00000000f2e08830 at /build/openjdk-7-2FOwCu/openjdk-7-7u95-2.6.4/build/openjdk/hotspot/src/share/vm/interpreter/linkResolver.cpp:981
Event: 711.930 Thread 0x00007ff0fc00c800 Threw 0x00000000f2e35d68 at /build/openjdk-7-2FOwCu/openjdk-7-7u95-2.6.4/build/openjdk/hotspot/src/share/vm/interpreter/linkResolver.cpp:981
Event: 713.016 Thread 0x00007ff0fc00c800 Threw 0x00000000f2e63440 at /build/openjdk-7-2FOwCu/openjdk-7-7u95-2.6.4/build/openjdk/hotspot/src/share/vm/interpreter/linkResolver.cpp:981
Event: 714.147 Thread 0x00007ff0fc00c800 Threw 0x00000000f2e90a70 at /build/openjdk-7-2FOwCu/openjdk-7-7u95-2.6.4/build/openjdk/hotspot/src/share/vm/interpreter/linkResolver.cpp:981
Event: 715.281 Thread 0x00007ff0fc00c800 Threw 0x00000000f2ebdfa8 at /build/openjdk-7-2FOwCu/openjdk-7-7u95-2.6.4/build/openjdk/hotspot/src/share/vm/interpreter/linkResolver.cpp:981
Event: 716.448 Thread 0x00007ff0fc00c800 Threw 0x00000000f2eeb710 at /build/openjdk-7-2FOwCu/openjdk-7-7u95-2.6.4/build/openjdk/hotspot/src/share/vm/interpreter/linkResolver.cpp:981
Event: 717.602 Thread 0x00007ff0fc00c800 Threw 0x00000000f2f18d40 at /build/openjdk-7-2FOwCu/openjdk-7-7u95-2.6.4/build/openjdk/hotspot/src/share/vm/interpreter/linkResolver.cpp:981
Event: 753.042 Thread 0x00007ff0fc00c800 Threw 0x00000000f2fbb690 at /build/openjdk-7-2FOwCu/openjdk-7-7u95-2.6.4/build/openjdk/hotspot/src/share/vm/prims/jvm.cpp:1322
Event: 753.076 Thread 0x00007ff0fc00c800 Threw 0x00000000f2fd6a20 at /build/openjdk-7-2FOwCu/openjdk-7-7u95-2.6.4/build/openjdk/hotspot/src/share/vm/prims/jvm.cpp:1322
Event: 753.079 Thread 0x00007ff0fc00c800 Threw 0x00000000f2fe9318 at /build/openjdk-7-2FOwCu/openjdk-7-7u95-2.6.4/build/openjdk/hotspot/src/share/vm/prims/jvm.cpp:1322

Events (10 events):
Event: 757.173 Executing VM operation: EnterInterpOnlyMode
Event: 757.173 Thread 0x00007ff0cc003800 Thread added: 0x00007ff0cc003800
Event: 757.173 Executing VM operation: EnterInterpOnlyMode done
Event: 757.175 Executing VM operation: EnterInterpOnlyMode
Event: 757.175 Executing VM operation: EnterInterpOnlyMode done
Event: 757.176 loading class 0x00007ff0fca385a0
Event: 757.176 loading class 0x00007ff0fc3bc0e0
Event: 757.176 loading class 0x00007ff0fc6b2a30
Event: 757.176 Executing VM operation: ParallelGCFailedAllocation
Event: 757.176 loading class 0x00007ff0fc3bc0e0 done


Dynamic libraries:
00400000-00401000 r-xp 00000000 08:02 24914475                           /usr/lib/jvm/java-7-openjdk-amd64/jre/bin/java
00600000-00601000 r--p 00000000 08:02 24914475                           /usr/lib/jvm/java-7-openjdk-amd64/jre/bin/java
00601000-00602000 rw-p 00001000 08:02 24914475                           /usr/lib/jvm/java-7-openjdk-amd64/jre/bin/java
01a56000-01a77000 rw-p 00000000 00:00 0                                  [heap]
b9e00000-bb600000 rw-p 00000000 00:00 0 
bb600000-c4400000 rw-p 00000000 00:00 0 
c4400000-c6b80000 rw-p 00000000 00:00 0 
c6b80000-ec100000 rw-p 00000000 00:00 0 
ec100000-f4800000 rw-p 00000000 00:00 0 
f4800000-100000000 rw-p 00000000 00:00 0 
7ff088000000-7ff088021000 rw-p 00000000 00:00 0 
7ff088021000-7ff08c000000 ---p 00000000 00:00 0 
7ff090000000-7ff09003f000 rw-p 00000000 00:00 0 
7ff09003f000-7ff094000000 ---p 00000000 00:00 0 
7ff094000000-7ff094021000 rw-p 00000000 00:00 0 
7ff094021000-7ff098000000 ---p 00000000 00:00 0 
7ff098000000-7ff098021000 rw-p 00000000 00:00 0 
7ff098021000-7ff09c000000 ---p 00000000 00:00 0 
7ff09cc82000-7ff09cc85000 ---p 00000000 00:00 0 
7ff09cc85000-7ff09cd83000 rw-p 00000000 00:00 0 
7ff09cd83000-7ff09cd86000 ---p 00000000 00:00 0 
7ff09cd86000-7ff09ce84000 rw-p 00000000 00:00 0 
7ff09ce84000-7ff09ce87000 ---p 00000000 00:00 0 
7ff09ce87000-7ff09cf85000 rw-p 00000000 00:00 0                          [stack:5294]
7ff09cf85000-7ff09cf8a000 r-xp 00000000 08:02 20840928                   /usr/lib/x86_64-linux-gnu/libXfixes.so.3.1.0
7ff09cf8a000-7ff09d189000 ---p 00005000 08:02 20840928                   /usr/lib/x86_64-linux-gnu/libXfixes.so.3.1.0
7ff09d189000-7ff09d18a000 r--p 00004000 08:02 20840928                   /usr/lib/x86_64-linux-gnu/libXfixes.so.3.1.0
7ff09d18a000-7ff09d18b000 rw-p 00005000 08:02 20840928                   /usr/lib/x86_64-linux-gnu/libXfixes.so.3.1.0
7ff09d18b000-7ff09d194000 r-xp 00000000 08:02 20848112                   /usr/lib/x86_64-linux-gnu/libXcursor.so.1.0.2
7ff09d194000-7ff09d393000 ---p 00009000 08:02 20848112                   /usr/lib/x86_64-linux-gnu/libXcursor.so.1.0.2
7ff09d393000-7ff09d394000 r--p 00008000 08:02 20848112                   /usr/lib/x86_64-linux-gnu/libXcursor.so.1.0.2
7ff09d394000-7ff09d395000 rw-p 00009000 08:02 20848112                   /usr/lib/x86_64-linux-gnu/libXcursor.so.1.0.2
7ff09d395000-7ff09d399000 r-xp 00000000 08:02 4198351                    /lib/x86_64-linux-gnu/libgpg-error.so.0.10.0
7ff09d399000-7ff09d598000 ---p 00004000 08:02 4198351                    /lib/x86_64-linux-gnu/libgpg-error.so.0.10.0
7ff09d598000-7ff09d599000 r--p 00003000 08:02 4198351                    /lib/x86_64-linux-gnu/libgpg-error.so.0.10.0
7ff09d599000-7ff09d59a000 rw-p 00004000 08:02 4198351                    /lib/x86_64-linux-gnu/libgpg-error.so.0.10.0
7ff09d59a000-7ff09d59c000 r-xp 00000000 08:02 4198361                    /lib/x86_64-linux-gnu/libkeyutils.so.1.4
7ff09d59c000-7ff09d79c000 ---p 00002000 08:02 4198361                    /lib/x86_64-linux-gnu/libkeyutils.so.1.4
7ff09d79c000-7ff09d79d000 r--p 00002000 08:02 4198361                    /lib/x86_64-linux-gnu/libkeyutils.so.1.4
7ff09d79d000-7ff09d79e000 rw-p 00003000 08:02 4198361                    /lib/x86_64-linux-gnu/libkeyutils.so.1.4
7ff09d79e000-7ff09d7c3000 r-xp 00000000 08:02 4200716                    /lib/x86_64-linux-gnu/libpng12.so.0.50.0
7ff09d7c3000-7ff09d9c2000 ---p 00025000 08:02 4200716                    /lib/x86_64-linux-gnu/libpng12.so.0.50.0
7ff09d9c2000-7ff09d9c3000 r--p 00024000 08:02 4200716                    /lib/x86_64-linux-gnu/libpng12.so.0.50.0
7ff09d9c3000-7ff09d9c4000 rw-p 00025000 08:02 4200716                    /lib/x86_64-linux-gnu/libpng12.so.0.50.0
7ff09d9c4000-7ff09da08000 r-xp 00000000 08:02 4198332                    /lib/x86_64-linux-gnu/libdbus-1.so.3.7.6
7ff09da08000-7ff09dc07000 ---p 00044000 08:02 4198332                    /lib/x86_64-linux-gnu/libdbus-1.so.3.7.6
7ff09dc07000-7ff09dc08000 r--p 00043000 08:02 4198332                    /lib/x86_64-linux-gnu/libdbus-1.so.3.7.6
7ff09dc08000-7ff09dc09000 rw-p 00044000 08:02 4198332                    /lib/x86_64-linux-gnu/libdbus-1.so.3.7.6
7ff09dc09000-7ff09dc44000 r-xp 00000000 08:02 20848832                   /usr/lib/x86_64-linux-gnu/libp11-kit.so.0.0.0
7ff09dc44000-7ff09de43000 ---p 0003b000 08:02 20848832                   /usr/lib/x86_64-linux-gnu/libp11-kit.so.0.0.0
7ff09de43000-7ff09de49000 r--p 0003a000 08:02 20848832                   /usr/lib/x86_64-linux-gnu/libp11-kit.so.0.0.0
7ff09de49000-7ff09de4b000 rw-p 00040000 08:02 20848832                   /usr/lib/x86_64-linux-gnu/libp11-kit.so.0.0.0
7ff09de4b000-7ff09de5d000 r-xp 00000000 08:02 20840491                   /usr/lib/x86_64-linux-gnu/libtasn1.so.6.2.0
7ff09de5d000-7ff09e05d000 ---p 00012000 08:02 20840491                   /usr/lib/x86_64-linux-gnu/libtasn1.so.6.2.0
7ff09e05d000-7ff09e05e000 r--p 00012000 08:02 20840491                   /usr/lib/x86_64-linux-gnu/libtasn1.so.6.2.0
7ff09e05e000-7ff09e05f000 rw-p 00013000 08:02 20840491                   /usr/lib/x86_64-linux-gnu/libtasn1.so.6.2.0
7ff09e05f000-7ff09e0db000 r-xp 00000000 08:02 4194889                    /lib/x86_64-linux-gnu/libgcrypt.so.11.8.2
7ff09e0db000-7ff09e2db000 ---p 0007c000 08:02 4194889                    /lib/x86_64-linux-gnu/libgcrypt.so.11.8.2
7ff09e2db000-7ff09e2dc000 r--p 0007c000 08:02 4194889                    /lib/x86_64-linux-gnu/libgcrypt.so.11.8.2
7ff09e2dc000-7ff09e2df000 rw-p 0007d000 08:02 4194889                    /lib/x86_64-linux-gnu/libgcrypt.so.11.8.2
7ff09e2df000-7ff09e2e9000 r-xp 00000000 08:02 20847036                   /usr/lib/x86_64-linux-gnu/libkrb5support.so.0.1
7ff09e2e9000-7ff09e4e8000 ---p 0000a000 08:02 20847036                   /usr/lib/x86_64-linux-gnu/libkrb5support.so.0.1
7ff09e4e8000-7ff09e4e9000 r--p 00009000 08:02 20847036                   /usr/lib/x86_64-linux-gnu/libkrb5support.so.0.1
7ff09e4e9000-7ff09e4ea000 rw-p 0000a000 08:02 20847036                   /usr/lib/x86_64-linux-gnu/libkrb5support.so.0.1
7ff09e4ea000-7ff09e4ed000 r-xp 00000000 08:02 4194978                    /lib/x86_64-linux-gnu/libcom_err.so.2.1
7ff09e4ed000-7ff09e6ec000 ---p 00003000 08:02 4194978                    /lib/x86_64-linux-gnu/libcom_err.so.2.1
7ff09e6ec000-7ff09e6ed000 r--p 00002000 08:02 4194978                    /lib/x86_64-linux-gnu/libcom_err.so.2.1
7ff09e6ed000-7ff09e6ee000 rw-p 00003000 08:02 4194978                    /lib/x86_64-linux-gnu/libcom_err.so.2.1
7ff09e6ee000-7ff09e71a000 r-xp 00000000 08:02 20847030                   /usr/lib/x86_64-linux-gnu/libk5crypto.so.3.1
7ff09e71a000-7ff09e919000 ---p 0002c000 08:02 20847030                   /usr/lib/x86_64-linux-gnu/libk5crypto.so.3.1
7ff09e919000-7ff09e91b000 r--p 0002b000 08:02 20847030                   /usr/lib/x86_64-linux-gnu/libk5crypto.so.3.1
7ff09e91b000-7ff09e91c000 rw-p 0002d000 08:02 20847030                   /usr/lib/x86_64-linux-gnu/libk5crypto.so.3.1
7ff09e91c000-7ff09e91d000 rw-p 00000000 00:00 0 
7ff09e91d000-7ff09e9d9000 r-xp 00000000 08:02 20847034                   /usr/lib/x86_64-linux-gnu/libkrb5.so.3.3
7ff09e9d9000-7ff09ebd9000 ---p 000bc000 08:02 20847034                   /usr/lib/x86_64-linux-gnu/libkrb5.so.3.3
7ff09ebd9000-7ff09ebe6000 r--p 000bc000 08:02 20847034                   /usr/lib/x86_64-linux-gnu/libkrb5.so.3.3
7ff09ebe6000-7ff09ebe8000 rw-p 000c9000 08:02 20847034                   /usr/lib/x86_64-linux-gnu/libkrb5.so.3.3
7ff09ebe8000-7ff09ebed000 r-xp 00000000 08:02 20848116                   /usr/lib/x86_64-linux-gnu/libXdmcp.so.6.0.0
7ff09ebed000-7ff09edec000 ---p 00005000 08:02 20848116                   /usr/lib/x86_64-linux-gnu/libXdmcp.so.6.0.0
7ff09edec000-7ff09eded000 r--p 00004000 08:02 20848116                   /usr/lib/x86_64-linux-gnu/libXdmcp.so.6.0.0
7ff09eded000-7ff09edee000 rw-p 00005000 08:02 20848116                   /usr/lib/x86_64-linux-gnu/libXdmcp.so.6.0.0
7ff09edee000-7ff09edf0000 r-xp 00000000 08:02 20848105                   /usr/lib/x86_64-linux-gnu/libXau.so.6.0.0
7ff09edf0000-7ff09eff0000 ---p 00002000 08:02 20848105                   /usr/lib/x86_64-linux-gnu/libXau.so.6.0.0
7ff09eff0000-7ff09eff1000 r--p 00002000 08:02 20848105                   /usr/lib/x86_64-linux-gnu/libXau.so.6.0.0
7ff09eff1000-7ff09eff2000 rw-p 00003000 08:02 20848105                   /usr/lib/x86_64-linux-gnu/libXau.so.6.0.0
7ff09eff2000-7ff09f019000 r-xp 00000000 08:02 4194927                    /lib/x86_64-linux-gnu/libexpat.so.1.6.0
7ff09f019000-7ff09f219000 ---p 00027000 08:02 4194927                    /lib/x86_64-linux-gnu/libexpat.so.1.6.0
7ff09f219000-7ff09f21b000 r--p 00027000 08:02 4194927                    /lib/x86_64-linux-gnu/libexpat.so.1.6.0
7ff09f21b000-7ff09f21c000 rw-p 00029000 08:02 4194927                    /lib/x86_64-linux-gnu/libexpat.so.1.6.0
7ff09f21c000-7ff09f2b9000 r-xp 00000000 08:02 20841685                   /usr/lib/x86_64-linux-gnu/libfreetype.so.6.11.1
7ff09f2b9000-7ff09f4b8000 ---p 0009d000 08:02 20841685                   /usr/lib/x86_64-linux-gnu/libfreetype.so.6.11.1
7ff09f4b8000-7ff09f4be000 r--p 0009c000 08:02 20841685                   /usr/lib/x86_64-linux-gnu/libfreetype.so.6.11.1
7ff09f4be000-7ff09f4bf000 rw-p 000a2000 08:02 20841685                   /usr/lib/x86_64-linux-gnu/libfreetype.so.6.11.1
7ff09f4bf000-7ff09f4ce000 r-xp 00000000 08:02 20848209                   /usr/lib/x86_64-linux-gnu/libavahi-client.so.3.2.9
7ff09f4ce000-7ff09f6ce000 ---p 0000f000 08:02 20848209                   /usr/lib/x86_64-linux-gnu/libavahi-client.so.3.2.9
7ff09f6ce000-7ff09f6cf000 r--p 0000f000 08:02 20848209                   /usr/lib/x86_64-linux-gnu/libavahi-client.so.3.2.9
7ff09f6cf000-7ff09f6d0000 rw-p 00010000 08:02 20848209                   /usr/lib/x86_64-linux-gnu/libavahi-client.so.3.2.9
7ff09f6d0000-7ff09f6db000 r-xp 00000000 08:02 20848211                   /usr/lib/x86_64-linux-gnu/libavahi-common.so.3.5.3
7ff09f6db000-7ff09f8da000 ---p 0000b000 08:02 20848211                   /usr/lib/x86_64-linux-gnu/libavahi-common.so.3.5.3
7ff09f8da000-7ff09f8db000 r--p 0000a000 08:02 20848211                   /usr/lib/x86_64-linux-gnu/libavahi-common.so.3.5.3
7ff09f8db000-7ff09f8dc000 rw-p 0000b000 08:02 20848211                   /usr/lib/x86_64-linux-gnu/libavahi-common.so.3.5.3
7ff09f8dc000-7ff09f992000 r-xp 00000000 08:02 20840945                   /usr/lib/x86_64-linux-gnu/libgnutls.so.26.22.6
7ff09f992000-7ff09fb92000 ---p 000b6000 08:02 20840945                   /usr/lib/x86_64-linux-gnu/libgnutls.so.26.22.6
7ff09fb92000-7ff09fb98000 r--p 000b6000 08:02 20840945                   /usr/lib/x86_64-linux-gnu/libgnutls.so.26.22.6
7ff09fb98000-7ff09fb99000 rw-p 000bc000 08:02 20840945                   /usr/lib/x86_64-linux-gnu/libgnutls.so.26.22.6
7ff09fb99000-7ff09fb9a000 rw-p 00000000 00:00 0 
7ff09fb9a000-7ff09fbde000 r-xp 00000000 08:02 20847032                   /usr/lib/x86_64-linux-gnu/libgssapi_krb5.so.2.2
7ff09fbde000-7ff09fdde000 ---p 00044000 08:02 20847032                   /usr/lib/x86_64-linux-gnu/libgssapi_krb5.so.2.2
7ff09fdde000-7ff09fddf000 r--p 00044000 08:02 20847032                   /usr/lib/x86_64-linux-gnu/libgssapi_krb5.so.2.2
7ff09fddf000-7ff09fde1000 rw-p 00045000 08:02 20847032                   /usr/lib/x86_64-linux-gnu/libgssapi_krb5.so.2.2
7ff09fde1000-7ff09fdfe000 r-xp 00000000 08:02 20849173                   /usr/lib/x86_64-linux-gnu/libxcb.so.1.1.0
7ff09fdfe000-7ff09fffe000 ---p 0001d000 08:02 20849173                   /usr/lib/x86_64-linux-gnu/libxcb.so.1.1.0
7ff09fffe000-7ff09ffff000 r--p 0001d000 08:02 20849173                   /usr/lib/x86_64-linux-gnu/libxcb.so.1.1.0
7ff09ffff000-7ff0a0000000 rw-p 0001e000 08:02 20849173                   /usr/lib/x86_64-linux-gnu/libxcb.so.1.1.0
7ff0a0000000-7ff0a0021000 rw-p 00000000 00:00 0 
7ff0a0021000-7ff0a4000000 ---p 00000000 00:00 0 
7ff0a4000000-7ff0a4021000 rw-p 00000000 00:00 0 
7ff0a4021000-7ff0a8000000 ---p 00000000 00:00 0 
7ff0a8000000-7ff0a8021000 rw-p 00000000 00:00 0 
7ff0a8021000-7ff0ac000000 ---p 00000000 00:00 0 
7ff0ac000000-7ff0ac021000 rw-p 00000000 00:00 0 
7ff0ac021000-7ff0b0000000 ---p 00000000 00:00 0 
7ff0b0000000-7ff0b0021000 rw-p 00000000 00:00 0 
7ff0b0021000-7ff0b4000000 ---p 00000000 00:00 0 
7ff0b40f0000-7ff0b40f3000 ---p 00000000 00:00 0 
7ff0b40f3000-7ff0b41f1000 rw-p 00000000 00:00 0                          [stack:5293]
7ff0b41f1000-7ff0b422b000 r-xp 00000000 08:02 20848401                   /usr/lib/x86_64-linux-gnu/libfontconfig.so.1.8.0
7ff0b422b000-7ff0b442a000 ---p 0003a000 08:02 20848401                   /usr/lib/x86_64-linux-gnu/libfontconfig.so.1.8.0
7ff0b442a000-7ff0b442c000 r--p 00039000 08:02 20848401                   /usr/lib/x86_64-linux-gnu/libfontconfig.so.1.8.0
7ff0b442c000-7ff0b442d000 rw-p 0003b000 08:02 20848401                   /usr/lib/x86_64-linux-gnu/libfontconfig.so.1.8.0
7ff0b442d000-7ff0b4499000 r-xp 00000000 08:02 20841120                   /usr/lib/x86_64-linux-gnu/libcups.so.2
7ff0b4499000-7ff0b4699000 ---p 0006c000 08:02 20841120                   /usr/lib/x86_64-linux-gnu/libcups.so.2
7ff0b4699000-7ff0b46a0000 r--p 0006c000 08:02 20841120                   /usr/lib/x86_64-linux-gnu/libcups.so.2
7ff0b46a0000-7ff0b46a1000 rw-p 00073000 08:02 20841120                   /usr/lib/x86_64-linux-gnu/libcups.so.2
7ff0b46a1000-7ff0b46b0000 r-xp 00000000 08:02 20844181                   /usr/lib/x86_64-linux-gnu/libXi.so.6.1.0
7ff0b46b0000-7ff0b48af000 ---p 0000f000 08:02 20844181                   /usr/lib/x86_64-linux-gnu/libXi.so.6.1.0
7ff0b48af000-7ff0b48b0000 r--p 0000e000 08:02 20844181                   /usr/lib/x86_64-linux-gnu/libXi.so.6.1.0
7ff0b48b0000-7ff0b48b1000 rw-p 0000f000 08:02 20844181                   /usr/lib/x86_64-linux-gnu/libXi.so.6.1.0
7ff0b48b1000-7ff0b48b6000 r-xp 00000000 08:02 20848146                   /usr/lib/x86_64-linux-gnu/libXtst.so.6.1.0
7ff0b48b6000-7ff0b4ab5000 ---p 00005000 08:02 20848146                   /usr/lib/x86_64-linux-gnu/libXtst.so.6.1.0
7ff0b4ab5000-7ff0b4ab6000 r--p 00004000 08:02 20848146                   /usr/lib/x86_64-linux-gnu/libXtst.so.6.1.0
7ff0b4ab6000-7ff0b4ab7000 rw-p 00005000 08:02 20848146                   /usr/lib/x86_64-linux-gnu/libXtst.so.6.1.0
7ff0b4ab7000-7ff0b4ac0000 r-xp 00000000 08:02 20844183                   /usr/lib/x86_64-linux-gnu/libXrender.so.1.3.0
7ff0b4ac0000-7ff0b4cbf000 ---p 00009000 08:02 20844183                   /usr/lib/x86_64-linux-gnu/libXrender.so.1.3.0
7ff0b4cbf000-7ff0b4cc0000 r--p 00008000 08:02 20844183                   /usr/lib/x86_64-linux-gnu/libXrender.so.1.3.0
7ff0b4cc0000-7ff0b4cc1000 rw-p 00009000 08:02 20844183                   /usr/lib/x86_64-linux-gnu/libXrender.so.1.3.0
7ff0b4cc1000-7ff0b4df1000 r-xp 00000000 08:02 20848101                   /usr/lib/x86_64-linux-gnu/libX11.so.6.3.0
7ff0b4df1000-7ff0b4ff1000 ---p 00130000 08:02 20848101                   /usr/lib/x86_64-linux-gnu/libX11.so.6.3.0
7ff0b4ff1000-7ff0b4ff2000 r--p 00130000 08:02 20848101                   /usr/lib/x86_64-linux-gnu/libX11.so.6.3.0
7ff0b4ff2000-7ff0b4ff6000 rw-p 00131000 08:02 20848101                   /usr/lib/x86_64-linux-gnu/libX11.so.6.3.0
7ff0b4ff6000-7ff0b5007000 r-xp 00000000 08:02 20841656                   /usr/lib/x86_64-linux-gnu/libXext.so.6.4.0
7ff0b5007000-7ff0b5206000 ---p 00011000 08:02 20841656                   /usr/lib/x86_64-linux-gnu/libXext.so.6.4.0
7ff0b5206000-7ff0b5207000 r--p 00010000 08:02 20841656                   /usr/lib/x86_64-linux-gnu/libXext.so.6.4.0
7ff0b5207000-7ff0b5208000 rw-p 00011000 08:02 20841656                   /usr/lib/x86_64-linux-gnu/libXext.so.6.4.0
7ff0b5208000-7ff0b5250000 r-xp 00000000 08:02 24912548                   /usr/lib/jvm/java-7-openjdk-amd64/jre/lib/amd64/xawt/libmawt.so
7ff0b5250000-7ff0b544f000 ---p 00048000 08:02 24912548                   /usr/lib/jvm/java-7-openjdk-amd64/jre/lib/amd64/xawt/libmawt.so
7ff0b544f000-7ff0b5450000 r--p 00047000 08:02 24912548                   /usr/lib/jvm/java-7-openjdk-amd64/jre/lib/amd64/xawt/libmawt.so
7ff0b5450000-7ff0b5453000 rw-p 00048000 08:02 24912548                   /usr/lib/jvm/java-7-openjdk-amd64/jre/lib/amd64/xawt/libmawt.so
7ff0b5453000-7ff0b5454000 rw-p 00000000 00:00 0 
7ff0b5454000-7ff0b54f4000 r-xp 00000000 08:02 24914694                   /usr/lib/jvm/java-7-openjdk-amd64/jre/lib/amd64/libawt.so
7ff0b54f4000-7ff0b56f4000 ---p 000a0000 08:02 24914694                   /usr/lib/jvm/java-7-openjdk-amd64/jre/lib/amd64/libawt.so
7ff0b56f4000-7ff0b56f5000 r--p 000a0000 08:02 24914694                   /usr/lib/jvm/java-7-openjdk-amd64/jre/lib/amd64/libawt.so
7ff0b56f5000-7ff0b5700000 rw-p 000a1000 08:02 24914694                   /usr/lib/jvm/java-7-openjdk-amd64/jre/lib/amd64/libawt.so
7ff0b5700000-7ff0b5725000 rw-p 00000000 00:00 0 
7ff0b5725000-7ff0b5728000 ---p 00000000 00:00 0 
7ff0b5728000-7ff0b5826000 rw-p 00000000 00:00 0                          [stack:5586]
7ff0b5826000-7ff0b5829000 ---p 00000000 00:00 0 
7ff0b5829000-7ff0b5927000 rw-p 00000000 00:00 0                          [stack:5585]
7ff0b5927000-7ff0b592a000 ---p 00000000 00:00 0 
7ff0b592a000-7ff0b5a28000 rw-p 00000000 00:00 0                          [stack:5584]
7ff0b5a28000-7ff0b5aa0000 r-xp 00000000 08:02 21235199                   /usr/lib/x86_64-linux-gnu/nss/libfreebl3.so
7ff0b5aa0000-7ff0b5c9f000 ---p 00078000 08:02 21235199                   /usr/lib/x86_64-linux-gnu/nss/libfreebl3.so
7ff0b5c9f000-7ff0b5ca1000 r--p 00077000 08:02 21235199                   /usr/lib/x86_64-linux-gnu/nss/libfreebl3.so
7ff0b5ca1000-7ff0b5ca2000 rw-p 00079000 08:02 21235199                   /usr/lib/x86_64-linux-gnu/nss/libfreebl3.so
7ff0b5ca2000-7ff0b5ca6000 rw-p 00000000 00:00 0 
7ff0b5ca6000-7ff0b5d5a000 r-xp 00000000 08:02 20842677                   /usr/lib/x86_64-linux-gnu/libsqlite3.so.0.8.6
7ff0b5d5a000-7ff0b5f5a000 ---p 000b4000 08:02 20842677                   /usr/lib/x86_64-linux-gnu/libsqlite3.so.0.8.6
7ff0b5f5a000-7ff0b5f5c000 r--p 000b4000 08:02 20842677                   /usr/lib/x86_64-linux-gnu/libsqlite3.so.0.8.6
7ff0b5f5c000-7ff0b5f5e000 rw-p 000b6000 08:02 20842677                   /usr/lib/x86_64-linux-gnu/libsqlite3.so.0.8.6
7ff0b5f5e000-7ff0b5f5f000 rw-p 00000000 00:00 0 
7ff0b5f5f000-7ff0b5f9f000 r-xp 00000000 08:02 21235195                   /usr/lib/x86_64-linux-gnu/nss/libsoftokn3.so
7ff0b5f9f000-7ff0b619f000 ---p 00040000 08:02 21235195                   /usr/lib/x86_64-linux-gnu/nss/libsoftokn3.so
7ff0b619f000-7ff0b61a0000 r--p 00040000 08:02 21235195                   /usr/lib/x86_64-linux-gnu/nss/libsoftokn3.so
7ff0b61a0000-7ff0b61a1000 rw-p 00041000 08:02 21235195                   /usr/lib/x86_64-linux-gnu/nss/libsoftokn3.so
7ff0b61a1000-7ff0b61da000 r-xp 00000000 08:02 20841720                   /usr/lib/x86_64-linux-gnu/libnspr4.so
7ff0b61da000-7ff0b63d9000 ---p 00039000 08:02 20841720                   /usr/lib/x86_64-linux-gnu/libnspr4.so
7ff0b63d9000-7ff0b63da000 r--p 00038000 08:02 20841720                   /usr/lib/x86_64-linux-gnu/libnspr4.so
7ff0b63da000-7ff0b63db000 rw-p 00039000 08:02 20841720                   /usr/lib/x86_64-linux-gnu/libnspr4.so
7ff0b63db000-7ff0b63de000 rw-p 00000000 00:00 0 
7ff0b63de000-7ff0b63e1000 r-xp 00000000 08:02 20841237                   /usr/lib/x86_64-linux-gnu/libplds4.so
7ff0b63e1000-7ff0b65e0000 ---p 00003000 08:02 20841237                   /usr/lib/x86_64-linux-gnu/libplds4.so
7ff0b65e0000-7ff0b65e1000 r--p 00002000 08:02 20841237                   /usr/lib/x86_64-linux-gnu/libplds4.so
7ff0b65e1000-7ff0b65e2000 rw-p 00003000 08:02 20841237                   /usr/lib/x86_64-linux-gnu/libplds4.so
7ff0b65e2000-7ff0b65e6000 r-xp 00000000 08:02 20841909                   /usr/lib/x86_64-linux-gnu/libplc4.so
7ff0b65e6000-7ff0b67e5000 ---p 00004000 08:02 20841909                   /usr/lib/x86_64-linux-gnu/libplc4.so
7ff0b67e5000-7ff0b67e6000 r--p 00003000 08:02 20841909                   /usr/lib/x86_64-linux-gnu/libplc4.so
7ff0b67e6000-7ff0b67e7000 rw-p 00004000 08:02 20841909                   /usr/lib/x86_64-linux-gnu/libplc4.so
7ff0b67e7000-7ff0b680c000 r-xp 00000000 08:02 20841984                   /usr/lib/x86_64-linux-gnu/libnssutil3.so
7ff0b680c000-7ff0b6a0b000 ---p 00025000 08:02 20841984                   /usr/lib/x86_64-linux-gnu/libnssutil3.so
7ff0b6a0b000-7ff0b6a11000 r--p 00024000 08:02 20841984                   /usr/lib/x86_64-linux-gnu/libnssutil3.so
7ff0b6a11000-7ff0b6a12000 rw-p 0002a000 08:02 20841984                   /usr/lib/x86_64-linux-gnu/libnssutil3.so
7ff0b6a12000-7ff0b6b45000 r-xp 00000000 08:02 20841986                   /usr/lib/x86_64-linux-gnu/libnss3.so
7ff0b6b45000-7ff0b6d44000 ---p 00133000 08:02 20841986                   /usr/lib/x86_64-linux-gnu/libnss3.so
7ff0b6d44000-7ff0b6d49000 r--p 00132000 08:02 20841986                   /usr/lib/x86_64-linux-gnu/libnss3.so
7ff0b6d49000-7ff0b6d4b000 rw-p 00137000 08:02 20841986                   /usr/lib/x86_64-linux-gnu/libnss3.so
7ff0b6d4b000-7ff0b6d4c000 rw-p 00000000 00:00 0 
7ff0b6d4c000-7ff0b6d5c000 r-xp 00000000 08:02 24914706                   /usr/lib/jvm/java-7-openjdk-amd64/jre/lib/amd64/libj2pkcs11.so
7ff0b6d5c000-7ff0b6f5b000 ---p 00010000 08:02 24914706                   /usr/lib/jvm/java-7-openjdk-amd64/jre/lib/amd64/libj2pkcs11.so
7ff0b6f5b000-7ff0b6f5c000 r--p 0000f000 08:02 24914706                   /usr/lib/jvm/java-7-openjdk-amd64/jre/lib/amd64/libj2pkcs11.so
7ff0b6f5c000-7ff0b6f5d000 rw-p 00010000 08:02 24914706                   /usr/lib/jvm/java-7-openjdk-amd64/jre/lib/amd64/libj2pkcs11.so
7ff0b6f5d000-7ff0b6f6d000 r-xp 00000000 08:02 24914703                   /usr/lib/jvm/java-7-openjdk-amd64/jre/lib/amd64/libnio.so
7ff0b6f6d000-7ff0b716d000 ---p 00010000 08:02 24914703                   /usr/lib/jvm/java-7-openjdk-amd64/jre/lib/amd64/libnio.so
7ff0b716d000-7ff0b716e000 r--p 00010000 08:02 24914703                   /usr/lib/jvm/java-7-openjdk-amd64/jre/lib/amd64/libnio.so
7ff0b716e000-7ff0b716f000 rw-p 00011000 08:02 24914703                   /usr/lib/jvm/java-7-openjdk-amd64/jre/lib/amd64/libnio.so
7ff0b716f000-7ff0b7172000 ---p 00000000 00:00 0 
7ff0b7172000-7ff0b7270000 rw-p 00000000 00:00 0                          [stack:4480]
7ff0b7270000-7ff0b72ad000 r-xp 00000000 08:02 4194870                    /lib/x86_64-linux-gnu/libpcre.so.3.13.1
7ff0b72ad000-7ff0b74ac000 ---p 0003d000 08:02 4194870                    /lib/x86_64-linux-gnu/libpcre.so.3.13.1
7ff0b74ac000-7ff0b74ad000 r--p 0003c000 08:02 4194870                    /lib/x86_64-linux-gnu/libpcre.so.3.13.1
7ff0b74ad000-7ff0b74ae000 rw-p 0003d000 08:02 4194870                    /lib/x86_64-linux-gnu/libpcre.so.3.13.1
7ff0b74ae000-7ff0b74b5000 r-xp 00000000 08:02 20841992                   /usr/lib/x86_64-linux-gnu/libffi.so.6.0.1
7ff0b74b5000-7ff0b76b4000 ---p 00007000 08:02 20841992                   /usr/lib/x86_64-linux-gnu/libffi.so.6.0.1
7ff0b76b4000-7ff0b76b5000 r--p 00006000 08:02 20841992                   /usr/lib/x86_64-linux-gnu/libffi.so.6.0.1
7ff0b76b5000-7ff0b76b6000 rw-p 00007000 08:02 20841992                   /usr/lib/x86_64-linux-gnu/libffi.so.6.0.1
7ff0b76b6000-7ff0b76cd000 r-xp 00000000 08:02 4194926                    /lib/x86_64-linux-gnu/libresolv-2.19.so
7ff0b76cd000-7ff0b78cd000 ---p 00017000 08:02 4194926                    /lib/x86_64-linux-gnu/libresolv-2.19.so
7ff0b78cd000-7ff0b78ce000 r--p 00017000 08:02 4194926                    /lib/x86_64-linux-gnu/libresolv-2.19.so
7ff0b78ce000-7ff0b78cf000 rw-p 00018000 08:02 4194926                    /lib/x86_64-linux-gnu/libresolv-2.19.so
7ff0b78cf000-7ff0b78d1000 rw-p 00000000 00:00 0 
7ff0b78d1000-7ff0b78f1000 r-xp 00000000 08:02 4198448                    /lib/x86_64-linux-gnu/libselinux.so.1
7ff0b78f1000-7ff0b7af0000 ---p 00020000 08:02 4198448                    /lib/x86_64-linux-gnu/libselinux.so.1
7ff0b7af0000-7ff0b7af1000 r--p 0001f000 08:02 4198448                    /lib/x86_64-linux-gnu/libselinux.so.1
7ff0b7af1000-7ff0b7af2000 rw-p 00020000 08:02 4198448                    /lib/x86_64-linux-gnu/libselinux.so.1
7ff0b7af2000-7ff0b7af4000 rw-p 00000000 00:00 0 
7ff0b7af4000-7ff0b7af7000 r-xp 00000000 08:02 20848500                   /usr/lib/x86_64-linux-gnu/libgmodule-2.0.so.0.4002.0
7ff0b7af7000-7ff0b7cf6000 ---p 00003000 08:02 20848500                   /usr/lib/x86_64-linux-gnu/libgmodule-2.0.so.0.4002.0
7ff0b7cf6000-7ff0b7cf7000 r--p 00002000 08:02 20848500                   /usr/lib/x86_64-linux-gnu/libgmodule-2.0.so.0.4002.0
7ff0b7cf7000-7ff0b7cf8000 rw-p 00003000 08:02 20848500                   /usr/lib/x86_64-linux-gnu/libgmodule-2.0.so.0.4002.0
7ff0b7cf8000-7ff0b7dfe000 r-xp 00000000 08:02 4198349                    /lib/x86_64-linux-gnu/libglib-2.0.so.0.4002.0
7ff0b7dfe000-7ff0b7ffd000 ---p 00106000 08:02 4198349                    /lib/x86_64-linux-gnu/libglib-2.0.so.0.4002.0
7ff0b7ffd000-7ff0b7ffe000 r--p 00105000 08:02 4198349                    /lib/x86_64-linux-gnu/libglib-2.0.so.0.4002.0
7ff0b7ffe000-7ff0b7fff000 rw-p 00106000 08:02 4198349                    /lib/x86_64-linux-gnu/libglib-2.0.so.0.4002.0
7ff0b7fff000-7ff0b8000000 rw-p 00000000 00:00 0 
7ff0b8000000-7ff0b8021000 rw-p 00000000 00:00 0 
7ff0b8021000-7ff0bc000000 ---p 00000000 00:00 0 
7ff0bc000000-7ff0bc021000 rw-p 00000000 00:00 0 
7ff0bc021000-7ff0c0000000 ---p 00000000 00:00 0 
7ff0c0000000-7ff0c06c6000 rw-p 00000000 00:00 0 
7ff0c06c6000-7ff0c4000000 ---p 00000000 00:00 0 
7ff0c4000000-7ff0c48d3000 rw-p 00000000 00:00 0 
7ff0c48d3000-7ff0c8000000 ---p 00000000 00:00 0 
7ff0c8000000-7ff0c8021000 rw-p 00000000 00:00 0 
7ff0c8021000-7ff0cc000000 ---p 00000000 00:00 0 
7ff0cc000000-7ff0cc021000 rw-p 00000000 00:00 0 
7ff0cc021000-7ff0d0000000 ---p 00000000 00:00 0 
7ff0d0000000-7ff0d0021000 rw-p 00000000 00:00 0 
7ff0d0021000-7ff0d4000000 ---p 00000000 00:00 0 
7ff0d4000000-7ff0d4063000 rw-p 00000000 00:00 0 
7ff0d4063000-7ff0d8000000 ---p 00000000 00:00 0 
7ff0d8000000-7ff0d8021000 rw-p 00000000 00:00 0 
7ff0d8021000-7ff0dc000000 ---p 00000000 00:00 0 
7ff0dc000000-7ff0dc021000 rw-p 00000000 00:00 0 
7ff0dc021000-7ff0e0000000 ---p 00000000 00:00 0 
7ff0e0000000-7ff0e0021000 rw-p 00000000 00:00 0 
7ff0e0021000-7ff0e4000000 ---p 00000000 00:00 0 
7ff0e4088000-7ff0e408b000 ---p 00000000 00:00 0 
7ff0e408b000-7ff0e40f2000 rw-p 00000000 00:00 0                          [stack:4484]
7ff0e40f2000-7ff0e4141000 r-xp 00000000 08:02 20848516                   /usr/lib/x86_64-linux-gnu/libgobject-2.0.so.0.4002.0
7ff0e4141000-7ff0e4341000 ---p 0004f000 08:02 20848516                   /usr/lib/x86_64-linux-gnu/libgobject-2.0.so.0.4002.0
7ff0e4341000-7ff0e4342000 r--p 0004f000 08:02 20848516                   /usr/lib/x86_64-linux-gnu/libgobject-2.0.so.0.4002.0
7ff0e4342000-7ff0e4343000 rw-p 00050000 08:02 20848516                   /usr/lib/x86_64-linux-gnu/libgobject-2.0.so.0.4002.0
7ff0e4343000-7ff0e44af000 r-xp 00000000 08:02 20848488                   /usr/lib/x86_64-linux-gnu/libgio-2.0.so.0.4002.0
7ff0e44af000-7ff0e46ae000 ---p 0016c000 08:02 20848488                   /usr/lib/x86_64-linux-gnu/libgio-2.0.so.0.4002.0
7ff0e46ae000-7ff0e46b2000 r--p 0016b000 08:02 20848488                   /usr/lib/x86_64-linux-gnu/libgio-2.0.so.0.4002.0
7ff0e46b2000-7ff0e46b4000 rw-p 0016f000 08:02 20848488                   /usr/lib/x86_64-linux-gnu/libgio-2.0.so.0.4002.0
7ff0e46b4000-7ff0e46b6000 rw-p 00000000 00:00 0 
7ff0e46bb000-7ff0e46c5000 r--s 000ae000 08:02 24914681                   /usr/lib/jvm/java-7-openjdk-amd64/jre/lib/resources.jar
7ff0e46c5000-7ff0e46d0000 r--s 00203000 08:02 24914667                   /usr/lib/jvm/java-7-openjdk-amd64/jre/lib/charsets.jar
7ff0e46d0000-7ff0e46e7000 r-xp 00000000 08:02 24914721                   /usr/lib/jvm/java-7-openjdk-amd64/jre/lib/amd64/libnet.so
7ff0e46e7000-7ff0e48e6000 ---p 00017000 08:02 24914721                   /usr/lib/jvm/java-7-openjdk-amd64/jre/lib/amd64/libnet.so
7ff0e48e6000-7ff0e48e7000 r--p 00016000 08:02 24914721                   /usr/lib/jvm/java-7-openjdk-amd64/jre/lib/amd64/libnet.so
7ff0e48e7000-7ff0e48e8000 rw-p 00017000 08:02 24914721                   /usr/lib/jvm/java-7-openjdk-amd64/jre/lib/amd64/libnet.so
7ff0e48e8000-7ff0e48ff000 r--s 00146000 08:02 22811841                   /home/dr17/JavaWorkspace/CIMS/lib/testng-6.8.6beta.jar
7ff0e48ff000-7ff0e4adb000 r--s 01b97000 08:02 22811863                   /home/dr17/JavaWorkspace/CIMS/lib/selenium-server-standalone-2.48.2.jar
7ff0e4adb000-7ff0e4adc000 ---p 00000000 00:00 0 
7ff0e4adc000-7ff0e4bdc000 rw-p 00000000 00:00 0                          [stack:4478]
7ff0e4bdc000-7ff0e4bdf000 ---p 00000000 00:00 0 
7ff0e4bdf000-7ff0e4cdd000 rw-p 00000000 00:00 0                          [stack:4477]
7ff0e4cdd000-7ff0e4ce0000 ---p 00000000 00:00 0 
7ff0e4ce0000-7ff0e4dde000 rw-p 00000000 00:00 0                          [stack:4476]
7ff0e4dde000-7ff0e4de1000 ---p 00000000 00:00 0 
7ff0e4de1000-7ff0e4edf000 rw-p 00000000 00:00 0                          [stack:4475]
7ff0e4edf000-7ff0e4ee2000 ---p 00000000 00:00 0 
7ff0e4ee2000-7ff0e4fe0000 rw-p 00000000 00:00 0                          [stack:5583]
7ff0e4fe0000-7ff0e4fe3000 ---p 00000000 00:00 0 
7ff0e4fe3000-7ff0e50e1000 rw-p 00000000 00:00 0                          [stack:4470]
7ff0e50e1000-7ff0e50e4000 ---p 00000000 00:00 0 
7ff0e50e4000-7ff0e51e2000 rw-p 00000000 00:00 0                          [stack:4469]
7ff0e51e2000-7ff0e51e6000 r-xp 00000000 08:02 24914699                   /usr/lib/jvm/java-7-openjdk-amd64/jre/lib/amd64/libdt_socket.so
7ff0e51e6000-7ff0e53e5000 ---p 00004000 08:02 24914699                   /usr/lib/jvm/java-7-openjdk-amd64/jre/lib/amd64/libdt_socket.so
7ff0e53e5000-7ff0e53e6000 r--p 00003000 08:02 24914699                   /usr/lib/jvm/java-7-openjdk-amd64/jre/lib/amd64/libdt_socket.so
7ff0e53e6000-7ff0e53e7000 rw-p 00004000 08:02 24914699                   /usr/lib/jvm/java-7-openjdk-amd64/jre/lib/amd64/libdt_socket.so
7ff0e53e7000-7ff0e53ea000 ---p 00000000 00:00 0 
7ff0e53ea000-7ff0e54e8000 rw-p 00000000 00:00 0                          [stack:4467]
7ff0e54e8000-7ff0e54eb000 ---p 00000000 00:00 0 
7ff0e54eb000-7ff0e55e9000 rw-p 00000000 00:00 0                          [stack:4466]
7ff0e55e9000-7ff0e55ec000 ---p 00000000 00:00 0 
7ff0e55ec000-7ff0e56ea000 rw-p 00000000 00:00 0                          [stack:4465]
7ff0e56ea000-7ff0e56eb000 ---p 00000000 00:00 0 
7ff0e56eb000-7ff0e8000000 rw-p 00000000 00:00 0                          [stack:4464]
7ff0e8000000-7ff0e8021000 rw-p 00000000 00:00 0 
7ff0e8021000-7ff0ec000000 ---p 00000000 00:00 0 
7ff0ec000000-7ff0ec021000 rw-p 00000000 00:00 0 
7ff0ec021000-7ff0f0000000 ---p 00000000 00:00 0 
7ff0f0000000-7ff0f0021000 rw-p 00000000 00:00 0 
7ff0f0021000-7ff0f4000000 ---p 00000000 00:00 0 
7ff0f4000000-7ff0f4021000 rw-p 00000000 00:00 0 
7ff0f4021000-7ff0f8000000 ---p 00000000 00:00 0 
7ff0f8002000-7ff0f8004000 r--s 00018000 08:02 24914724                   /usr/lib/jvm/java-7-openjdk-amd64/jre/lib/jce.jar
7ff0f8004000-7ff0f8008000 r--s 0004f000 08:02 24914668                   /usr/lib/jvm/java-7-openjdk-amd64/jre/lib/jsse.jar
7ff0f8008000-7ff0f8056000 rw-p 00000000 00:00 0 
7ff0f8056000-7ff0f8075000 r--s 00197000 08:02 22811840                   /home/dr17/JavaWorkspace/CIMS/lib/poi-3.8-beta5-20111217.jar
7ff0f8075000-7ff0f8b4c000 rw-p 00000000 00:00 0 
7ff0f8b4c000-7ff0f8cfe000 r--s 01d2f000 08:02 24914687                   /usr/lib/jvm/java-7-openjdk-amd64/jre/lib/rt.jar
7ff0f8cfe000-7ff0f9000000 rw-p 00000000 00:00 0 
7ff0f9000000-7ff0f9270000 rwxp 00000000 00:00 0 
7ff0f9270000-7ff0fca52000 rw-p 00000000 00:00 0 
7ff0fca52000-7ff100000000 ---p 00000000 00:00 0 
7ff100001000-7ff100007000 r--s 0009d000 08:02 22811839                   /home/dr17/JavaWorkspace/CIMS/lib/mail.jar
7ff100007000-7ff100010000 r--s 0006d000 08:02 22811843                   /home/dr17/JavaWorkspace/CIMS/lib/log4j-1.2.16.jar
7ff100010000-7ff100059000 rw-p 00000000 00:00 0 
7ff100059000-7ff10005a000 ---p 00000000 00:00 0 
7ff10005a000-7ff10015a000 rw-p 00000000 00:00 0                          [stack:4463]
7ff10015a000-7ff10015b000 ---p 00000000 00:00 0 
7ff10015b000-7ff10025b000 rw-p 00000000 00:00 0                          [stack:4462]
7ff10025b000-7ff10025c000 ---p 00000000 00:00 0 
7ff10025c000-7ff10035c000 rw-p 00000000 00:00 0                          [stack:4461]
7ff10035c000-7ff10035d000 ---p 00000000 00:00 0 
7ff10035d000-7ff100469000 rw-p 00000000 00:00 0                          [stack:4460]
7ff100469000-7ff1004b0000 rw-p 00000000 00:00 0 
7ff1004b0000-7ff1004c4000 rw-p 00000000 00:00 0 
7ff1004c4000-7ff1005ef000 rw-p 00000000 00:00 0 
7ff1005ef000-7ff1005fb000 rw-p 00000000 00:00 0 
7ff1005fb000-7ff100642000 rw-p 00000000 00:00 0 
7ff100642000-7ff100656000 rw-p 00000000 00:00 0 
7ff100656000-7ff100780000 rw-p 00000000 00:00 0 
7ff100780000-7ff1007c4000 rw-p 00000000 00:00 0 
7ff1007c4000-7ff100820000 rw-p 00000000 00:00 0 
7ff100820000-7ff100821000 rw-p 00000000 00:00 